[debug] [2017-08-31T23:40:06.671Z] ----------------------------------------------------------------------
[debug] [2017-08-31T23:40:06.673Z] Command:      /usr/local/bin/node /usr/local/bin/firebase init
[debug] [2017-08-31T23:40:06.673Z] CLI Version:  3.9.1
[debug] [2017-08-31T23:40:06.673Z] Platform:     darwin
[debug] [2017-08-31T23:40:06.673Z] Node Version: v8.1.0
[debug] [2017-08-31T23:40:06.674Z] Time:         Fri Sep 01 2017 08:40:06 GMT+0900 (JST)
[debug] [2017-08-31T23:40:06.674Z] ----------------------------------------------------------------------
[debug] 
[debug] [2017-08-31T23:40:06.684Z] > command requires scopes: ["email","openid","https://www.googleapis.com/auth/cloudplatformprojects.readonly","https://www.googleapis.com/auth/firebase"]
[debug] [2017-08-31T23:40:06.685Z] > authorizing via signed-in user
[info] 
     🔥🔥🔥🔥🔥🔥🔥🔥 🔥🔥🔥🔥 🔥🔥🔥🔥🔥🔥🔥🔥  🔥🔥🔥🔥🔥🔥🔥🔥 🔥🔥🔥🔥🔥🔥🔥🔥     🔥🔥🔥     🔥🔥🔥🔥🔥🔥  🔥🔥🔥🔥🔥🔥🔥🔥
     🔥🔥        🔥🔥  🔥🔥     🔥🔥 🔥🔥       🔥🔥     🔥🔥  🔥🔥   🔥🔥  🔥🔥       🔥🔥
     🔥🔥🔥🔥🔥🔥    🔥🔥  🔥🔥🔥🔥🔥🔥🔥🔥  🔥🔥🔥🔥🔥🔥   🔥🔥🔥🔥🔥🔥🔥🔥  🔥🔥🔥🔥🔥🔥🔥🔥🔥  🔥🔥🔥🔥🔥🔥  🔥🔥🔥🔥🔥🔥
     🔥🔥        🔥🔥  🔥🔥    🔥🔥  🔥🔥       🔥🔥     🔥🔥 🔥🔥     🔥🔥       🔥🔥 🔥🔥
     🔥🔥       🔥🔥🔥🔥 🔥🔥     🔥🔥 🔥🔥🔥🔥🔥🔥🔥🔥 🔥🔥🔥🔥🔥🔥🔥🔥  🔥🔥     🔥🔥  🔥🔥🔥🔥🔥🔥  🔥🔥🔥🔥🔥🔥🔥🔥

You're about to initialize a Firebase project in this directory:

  /Applications/MAMP/htdocs/chat-react

Before we get started, keep in mind:

  * You are currently outside your home directory

[warn] ⚠  You have have not selected any features. Continuing will simply associate this folder with a Firebase project. Press Ctrl + C if you want to start over.
[info] 
=== Project Setup
[info] 
[info] First, let's associate this project directory with a Firebase project.
[info] You can create multiple project aliases by running firebase use --add, 
[info] but for now we'll just set up a default project.
[info] 
[debug] [2017-08-31T23:40:16.663Z] > refreshing access token with scopes: ["email","https://www.googleapis.com/auth/cloudplatformprojects.readonly","https://www.googleapis.com/auth/firebase","openid"]
[debug] [2017-08-31T23:40:16.663Z] >>> HTTP REQUEST POST https://www.googleapis.com/oauth2/v3/token { refresh_token: '1/bdszbauIiH5DlTMflr-bxYj7Wt69WQHMMXx38Ppjp_8',
  client_id: '563584335869-fgrhgmd47bqnekij5i8b5pr03ho849e6.apps.googleusercontent.com',
  client_secret: 'j9iVZfS8kkCEFUPaAeJV0sAi',
  grant_type: 'refresh_token',
  scope: 'email https://www.googleapis.com/auth/cloudplatformprojects.readonly https://www.googleapis.com/auth/firebase openid' } 
 Fri Sep 01 2017 08:40:16 GMT+0900 (JST)
[debug] [2017-08-31T23:40:17.715Z] <<< HTTP RESPONSE 200
[debug] [2017-08-31T23:40:17.724Z] >>> HTTP REQUEST GET https://admin.firebase.com/v1/projects  
 Fri Sep 01 2017 08:40:17 GMT+0900 (JST)
[debug] [2017-08-31T23:40:18.711Z] <<< HTTP RESPONSE 200
[debug] [2017-08-31T23:40:52.099Z] TypeError: Cannot read property 'setRawMode' of null
[error] 
[error] Error: An unexpected error has occurred.
[debug] [2017-08-31T23:40:52.102Z] Error: write EIO
[error] 
[error] Error: An unexpected error has occurred.
